\BOOKMARK [0][-]{chapter.1}{\376\377\0001\000\040\000C\000l\000a\000s\000s\000\040\000I\000n\000d\000e\000x}{}% 1
\BOOKMARK [1][-]{section.1.1}{\376\377\0001\000.\0001\000\040\000C\000l\000a\000s\000s\000\040\000L\000i\000s\000t}{chapter.1}% 2
\BOOKMARK [0][-]{chapter.2}{\376\377\0002\000\040\000F\000i\000l\000e\000\040\000I\000n\000d\000e\000x}{}% 3
\BOOKMARK [1][-]{section.2.1}{\376\377\0002\000.\0001\000\040\000F\000i\000l\000e\000\040\000L\000i\000s\000t}{chapter.2}% 4
\BOOKMARK [0][-]{chapter.3}{\376\377\0003\000\040\000C\000l\000a\000s\000s\000\040\000D\000o\000c\000u\000m\000e\000n\000t\000a\000t\000i\000o\000n}{}% 5
\BOOKMARK [1][-]{section.3.1}{\376\377\0003\000.\0001\000\040\000H\000e\000a\000t\000\040\000C\000l\000a\000s\000s\000\040\000R\000e\000f\000e\000r\000e\000n\000c\000e}{chapter.3}% 6
\BOOKMARK [2][-]{subsection.3.1.1}{\376\377\0003\000.\0001\000.\0001\000\040\000M\000e\000m\000b\000e\000r\000\040\000F\000u\000n\000c\000t\000i\000o\000n\000\040\000D\000o\000c\000u\000m\000e\000n\000t\000a\000t\000i\000o\000n}{section.3.1}% 7
\BOOKMARK [3][-]{subsubsection.3.1.1.1}{\376\377\0003\000.\0001\000.\0001\000.\0001\000\040\000e\000r\000r\000o\000r\000\050\000\051}{subsection.3.1.1}% 8
\BOOKMARK [3][-]{subsubsection.3.1.1.2}{\376\377\0003\000.\0001\000.\0001\000.\0002\000\040\000s\000e\000t\000B\000o\000u\000n\000d\000r\000a\000r\000y\000\050\000i\000n\000t\000,\000\040\000c\000o\000n\000s\000t\000\040\000R\000H\000S\000\040\000\051}{subsection.3.1.1}% 9
\BOOKMARK [3][-]{subsubsection.3.1.1.3}{\376\377\0003\000.\0001\000.\0001\000.\0003\000\040\000s\000e\000t\000C\000F\000L\000\050\000d\000o\000u\000b\000l\000e\000\051}{subsection.3.1.1}% 10
\BOOKMARK [3][-]{subsubsection.3.1.1.4}{\376\377\0003\000.\0001\000.\0001\000.\0004\000\040\000s\000e\000t\000f\000\050\000c\000o\000n\000s\000t\000\040\000R\000H\000S\000\040\000\051}{subsection.3.1.1}% 11
\BOOKMARK [3][-]{subsubsection.3.1.1.5}{\376\377\0003\000.\0001\000.\0001\000.\0005\000\040\000s\000e\000t\000I\000n\000i\000t\000i\000a\000l\000\050\000c\000o\000n\000s\000t\000\040\000R\000H\000F\000\040\000\051}{subsection.3.1.1}% 12
\BOOKMARK [3][-]{subsubsection.3.1.1.6}{\376\377\0003\000.\0001\000.\0001\000.\0006\000\040\000s\000e\000t\000N\000\050\000i\000n\000t\000\051}{subsection.3.1.1}% 13
\BOOKMARK [3][-]{subsubsection.3.1.1.7}{\376\377\0003\000.\0001\000.\0001\000.\0007\000\040\000s\000e\000t\000r\000a\000n\000k\000\050\000i\000n\000t\000\051}{subsection.3.1.1}% 14
\BOOKMARK [3][-]{subsubsection.3.1.1.8}{\376\377\0003\000.\0001\000.\0001\000.\0008\000\040\000s\000e\000t\000s\000i\000z\000e\000\050\000i\000n\000t\000\051}{subsection.3.1.1}% 15
\BOOKMARK [3][-]{subsubsection.3.1.1.9}{\376\377\0003\000.\0001\000.\0001\000.\0009\000\040\000s\000e\000t\000S\000o\000l\000u\000t\000i\000o\000n\000\050\000c\000o\000n\000s\000t\000\040\000R\000H\000S\000\040\000\051}{subsection.3.1.1}% 16
\BOOKMARK [3][-]{subsubsection.3.1.1.10}{\376\377\0003\000.\0001\000.\0001\000.\0001\0000\000\040\000s\000e\000t\000t\000\050\000d\000o\000u\000b\000l\000e\000\051}{subsection.3.1.1}% 17
\BOOKMARK [3][-]{subsubsection.3.1.1.11}{\376\377\0003\000.\0001\000.\0001\000.\0001\0001\000\040\000s\000o\000l\000v\000e\000\050\000\051}{subsection.3.1.1}% 18
\BOOKMARK [0][-]{chapter.4}{\376\377\0004\000\040\000F\000i\000l\000e\000\040\000D\000o\000c\000u\000m\000e\000n\000t\000a\000t\000i\000o\000n}{}% 19
\BOOKMARK [1][-]{section.4.1}{\376\377\0004\000.\0001\000\040\000H\000e\000a\000t\000.\000c\000p\000p\000\040\000F\000i\000l\000e\000\040\000R\000e\000f\000e\000r\000e\000n\000c\000e}{chapter.4}% 20
\BOOKMARK [2][-]{subsection.4.1.1}{\376\377\0004\000.\0001\000.\0001\000\040\000D\000e\000t\000a\000i\000l\000e\000d\000\040\000D\000e\000s\000c\000r\000i\000p\000t\000i\000o\000n}{section.4.1}% 21
\BOOKMARK [1][-]{section.4.2}{\376\377\0004\000.\0002\000\040\000H\000e\000a\000t\000.\000h\000\040\000F\000i\000l\000e\000\040\000R\000e\000f\000e\000r\000e\000n\000c\000e}{chapter.4}% 22
\BOOKMARK [2][-]{subsection.4.2.1}{\376\377\0004\000.\0002\000.\0001\000\040\000D\000e\000t\000a\000i\000l\000e\000d\000\040\000D\000e\000s\000c\000r\000i\000p\000t\000i\000o\000n}{section.4.2}% 23
\BOOKMARK [1][-]{section.4.3}{\376\377\0004\000.\0003\000\040\000m\000a\000i\000n\000.\000c\000p\000p\000\040\000F\000i\000l\000e\000\040\000R\000e\000f\000e\000r\000e\000n\000c\000e}{chapter.4}% 24
\BOOKMARK [2][-]{subsection.4.3.1}{\376\377\0004\000.\0003\000.\0001\000\040\000D\000e\000t\000a\000i\000l\000e\000d\000\040\000D\000e\000s\000c\000r\000i\000p\000t\000i\000o\000n}{section.4.3}% 25
\BOOKMARK [0][-]{section*.10}{\376\377\000I\000n\000d\000e\000x}{}% 26
