This is XeTeX, Version 3.14159265-2.6-0.99992 (TeX Live 2015/Debian) (preloaded format=xelatex 2016.10.12)  21 OCT 2016 14:25
entering extended mode
 restricted \write18 enabled.
 %&-line parsing enabled.
**field.geo
(./field.geo
LaTeX2e <2016/02/01>
Babel <3.9q> and hyphenation patterns for 81 language(s) loaded.

! LaTeX Error: Missing \begin{document}.

See the LaTeX manual or LaTeX Companion for explanation.
Type  H <return>  for immediate help.
 ...                                              
                                                  
l.1 /
     /建立基本区域
? x
 
Here is how much of TeX's memory you used:
 6 strings out of 493638
 171 string characters out of 6146795
 53574 words of memory out of 5000000
 3505 multiletter control sequences out of 15000+600000
 3640 words of font info for 14 fonts, out of 8000000 for 9000
 1328 hyphenation exceptions out of 8191
 5i,0n,4p,22b,14s stack positions out of 5000i,500n,10000p,200000b,80000s
No pages of output.
