\BOOKMARK [1][-]{section.1}{\376\377\000G\000m\000s\000h\217\157\116\366\116\313\176\315}{}% 1
\BOOKMARK [2][-]{subsection.1.1}{\376\377\217\157\116\366\173\200\116\313}{section.1}% 2
\BOOKMARK [2][-]{subsection.1.2}{\376\377\217\157\116\366\133\211\210\305}{section.1}% 3
\BOOKMARK [2][-]{subsection.1.3}{\376\377\217\157\116\366\117\177\165\050\145\271\137\017}{section.1}% 4
\BOOKMARK [2][-]{subsection.1.4}{\376\377\000G\000m\000s\000h\166\204\117\030\122\277\116\016\116\015\215\263}{section.1}% 5
\BOOKMARK [3][-]{subsubsection.1.4.1}{\376\377\000G\000m\000s\000h\166\204\117\030\122\277}{subsection.1.4}% 6
\BOOKMARK [3][-]{subsubsection.1.4.2}{\376\377\000G\000m\000s\000h\166\204\116\015\215\263}{subsection.1.4}% 7
\BOOKMARK [1][-]{section.2}{\376\377\121\340\117\125\176\323\147\204\166\204\147\204\220\040}{}% 8
\BOOKMARK [2][-]{subsection.2.1}{\376\377\000P\000o\000i\000n\000t\000\050\160\271\000\051}{section.2}% 9
\BOOKMARK [2][-]{subsection.2.2}{\376\377\000L\000i\000n\000e\000\050\176\277\000\051}{section.2}% 10
\BOOKMARK [2][-]{subsection.2.3}{\376\377\000L\000o\000o\000p\000\050\163\257\000\051}{section.2}% 11
\BOOKMARK [2][-]{subsection.2.4}{\376\377\000S\000u\000r\000f\000a\000c\000e\000\050\227\142\000\051}{section.2}% 12
\BOOKMARK [2][-]{subsection.2.5}{\376\377\000V\000o\000l\000u\000m\000e\000\050\117\123\000\051}{section.2}% 13
\BOOKMARK [2][-]{subsection.2.6}{\376\377\000E\000x\000t\000r\000u\000s\000i\000o\000n\000s}{section.2}% 14
\BOOKMARK [2][-]{subsection.2.7}{\376\377\000T\000r\000a\000n\000s\000f\000o\000r\000m\000a\000t\000i\000o\000n\000s}{section.2}% 15
\BOOKMARK [2][-]{subsection.2.8}{\376\377\000P\000h\000y\000s\000i\000c\000a\000l\000\040\000e\000n\000t\000i\000t\000y\000\050\162\151\164\006\133\236\117\123\000\051}{section.2}% 16
\BOOKMARK [1][-]{section.3}{\376\377\177\121\150\074\165\037\142\020}{}% 17
\BOOKMARK [2][-]{subsection.3.1}{\376\377\116\214\176\364\177\121\150\074}{section.3}% 18
\BOOKMARK [3][-]{subsubsection.3.1.1}{\376\377\116\214\176\364\116\011\211\322\137\142\177\121\150\074}{subsection.3.1}% 19
\BOOKMARK [3][-]{subsubsection.3.1.2}{\376\377\116\000\116\052\173\200\123\125\166\204\117\213\133\120}{subsection.3.1}% 20
\BOOKMARK [3][-]{subsubsection.3.1.3}{\376\377\177\121\150\074\122\240\133\306}{subsection.3.1}% 21
\BOOKMARK [3][-]{subsubsection.3.1.4}{\376\377\177\121\150\074\133\306\136\246\213\276\177\156}{subsection.3.1}% 22
\BOOKMARK [3][-]{subsubsection.3.1.5}{\376\377\116\214\176\364\126\333\217\271\137\142\177\121\150\074}{subsection.3.1}% 23
\BOOKMARK [3][-]{subsubsection.3.1.6}{\376\377\116\214\176\364\176\323\147\204\126\333\217\271\137\142\177\121\150\074}{subsection.3.1}% 24
\BOOKMARK [2][-]{subsection.3.2}{\376\377\116\011\176\364\177\121\150\074}{section.3}% 25
\BOOKMARK [3][-]{subsubsection.3.2.1}{\376\377\116\011\176\364\126\333\227\142\117\123\177\121\150\074}{subsection.3.2}% 26
\BOOKMARK [3][-]{subsubsection.3.2.2}{\376\377\116\011\176\364\176\323\147\204\177\121\150\074}{subsection.3.2}% 27
\BOOKMARK [2][-]{subsection.3.3}{\376\377\116\016\000E\000a\000s\000y\000m\000e\000s\000h\166\204\153\324\217\203}{section.3}% 28
\BOOKMARK [1][-]{section.4}{\376\377\177\121\150\074\217\223\121\372\145\207\116\366\166\204\176\323\147\204\122\006\147\220}{}% 29
\BOOKMARK [1][-]{section.5}{\376\377\147\011\226\120\121\103\225\356\230\230\166\204\154\102\211\343}{}% 30
\BOOKMARK [2][-]{subsection.5.1}{\376\377\000A\000F\000E\000P\000a\000c\000k\133\371\000G\000m\000s\000h\166\204\143\245\123\343}{section.5}% 31
\BOOKMARK [2][-]{subsection.5.2}{\376\377\116\000\116\052\173\200\123\125\166\204\117\213\133\120}{section.5}% 32
\BOOKMARK [1][-]{section.6}{\376\377\140\073\176\323}{}% 33
